[2025-06-22 20:51:05] local.ERROR: filemtime(): stat failed for /Users/wendyas/boh php/pro_ggg/.env {"exception":"[object] (ErrorException(code: 0): filemtime(): stat failed for /Users/wendyas/boh php/pro_ggg/.env at /Users/wendyas/boh php/pro_ggg/vendor/laravel/framework/src/Illuminate/Foundation/Console/ServeCommand.php:138)
[stacktrace]
#0 /Users/wendyas/boh php/pro_ggg/vendor/laravel/framework/src/Illuminate/Foundation/Bootstrap/HandleExceptions.php(256): Illuminate\\Foundation\\Bootstrap\\HandleExceptions->handleError(2, 'filemtime(): st...', '/Users/wendyas/...', 138)
#1 [internal function]: Illuminate\\Foundation\\Bootstrap\\HandleExceptions->{closure:Illuminate\\Foundation\\Bootstrap\\HandleExceptions::forwardsTo():255}(2, 'filemtime(): st...', '/Users/wendyas/...', 138)
#2 /Users/wendyas/boh php/pro_ggg/vendor/laravel/framework/src/Illuminate/Foundation/Console/ServeCommand.php(138): filemtime('/Users/wendyas/...')
#3 /Users/wendyas/boh php/pro_ggg/vendor/laravel/framework/src/Illuminate/Foundation/Console/ServeCommand.php(160): Illuminate\\Foundation\\Console\\ServeCommand->handle()
#4 /Users/wendyas/boh php/pro_ggg/vendor/laravel/framework/src/Illuminate/Container/BoundMethod.php(36): Illuminate\\Foundation\\Console\\ServeCommand->handle()
#5 /Users/wendyas/boh php/pro_ggg/vendor/laravel/framework/src/Illuminate/Container/Util.php(43): Illuminate\\Container\\BoundMethod::{closure:Illuminate\\Container\\BoundMethod::call():35}()
#6 /Users/wendyas/boh php/pro_ggg/vendor/laravel/framework/src/Illuminate/Container/BoundMethod.php(96): Illuminate\\Container\\Util::unwrapIfClosure(Object(Closure))
#7 /Users/wendyas/boh php/pro_ggg/vendor/laravel/framework/src/Illuminate/Container/BoundMethod.php(35): Illuminate\\Container\\BoundMethod::callBoundMethod(Object(Illuminate\\Foundation\\Application), Array, Object(Closure))
#8 /Users/wendyas/boh php/pro_ggg/vendor/laravel/framework/src/Illuminate/Container/Container.php(754): Illuminate\\Container\\BoundMethod::call(Object(Illuminate\\Foundation\\Application), Array, Array, NULL)
#9 /Users/wendyas/boh php/pro_ggg/vendor/laravel/framework/src/Illuminate/Console/Command.php(209): Illuminate\\Container\\Container->call(Array)
#10 /Users/wendyas/boh php/pro_ggg/vendor/symfony/console/Command/Command.php(318): Illuminate\\Console\\Command->execute(Object(Symfony\\Component\\Console\\Input\\ArgvInput), Object(Illuminate\\Console\\OutputStyle))
#11 /Users/wendyas/boh php/pro_ggg/vendor/laravel/framework/src/Illuminate/Console/Command.php(178): Symfony\\Component\\Console\\Command\\Command->run(Object(Symfony\\Component\\Console\\Input\\ArgvInput), Object(Illuminate\\Console\\OutputStyle))
#12 /Users/wendyas/boh php/pro_ggg/vendor/symfony/console/Application.php(1092): Illuminate\\Console\\Command->run(Object(Symfony\\Component\\Console\\Input\\ArgvInput), Object(Symfony\\Component\\Console\\Output\\ConsoleOutput))
#13 /Users/wendyas/boh php/pro_ggg/vendor/symfony/console/Application.php(341): Symfony\\Component\\Console\\Application->doRunCommand(Object(Illuminate\\Foundation\\Console\\ServeCommand), Object(Symfony\\Component\\Console\\Input\\ArgvInput), Object(Symfony\\Component\\Console\\Output\\ConsoleOutput))
#14 /Users/wendyas/boh php/pro_ggg/vendor/symfony/console/Application.php(192): Symfony\\Component\\Console\\Application->doRun(Object(Symfony\\Component\\Console\\Input\\ArgvInput), Object(Symfony\\Component\\Console\\Output\\ConsoleOutput))
#15 /Users/wendyas/boh php/pro_ggg/vendor/laravel/framework/src/Illuminate/Foundation/Console/Kernel.php(197): Symfony\\Component\\Console\\Application->run(Object(Symfony\\Component\\Console\\Input\\ArgvInput), Object(Symfony\\Component\\Console\\Output\\ConsoleOutput))
#16 /Users/wendyas/boh php/pro_ggg/vendor/laravel/framework/src/Illuminate/Foundation/Application.php(1234): Illuminate\\Foundation\\Console\\Kernel->handle(Object(Symfony\\Component\\Console\\Input\\ArgvInput), Object(Symfony\\Component\\Console\\Output\\ConsoleOutput))
#17 /Users/wendyas/boh php/pro_ggg/artisan(16): Illuminate\\Foundation\\Application->handleCommand(Object(Symfony\\Component\\Console\\Input\\ArgvInput))
#18 {main}
"} 
[2025-06-22 20:51:05] local.ERROR: filemtime(): stat failed for /Users/wendyas/boh php/pro_ggg/.env {"exception":"[object] (ErrorException(code: 0): filemtime(): stat failed for /Users/wendyas/boh php/pro_ggg/.env at /Users/wendyas/boh php/pro_ggg/vendor/laravel/framework/src/Illuminate/Foundation/Console/ServeCommand.php:138)
[stacktrace]
#0 /Users/wendyas/boh php/pro_ggg/vendor/laravel/framework/src/Illuminate/Foundation/Bootstrap/HandleExceptions.php(256): Illuminate\\Foundation\\Bootstrap\\HandleExceptions->handleError(2, 'filemtime(): st...', '/Users/wendyas/...', 138)
#1 [internal function]: Illuminate\\Foundation\\Bootstrap\\HandleExceptions->{closure:Illuminate\\Foundation\\Bootstrap\\HandleExceptions::forwardsTo():255}(2, 'filemtime(): st...', '/Users/wendyas/...', 138)
#2 /Users/wendyas/boh php/pro_ggg/vendor/laravel/framework/src/Illuminate/Foundation/Console/ServeCommand.php(138): filemtime('/Users/wendyas/...')
#3 /Users/wendyas/boh php/pro_ggg/vendor/laravel/framework/src/Illuminate/Container/BoundMethod.php(36): Illuminate\\Foundation\\Console\\ServeCommand->handle()
#4 /Users/wendyas/boh php/pro_ggg/vendor/laravel/framework/src/Illuminate/Container/Util.php(43): Illuminate\\Container\\BoundMethod::{closure:Illuminate\\Container\\BoundMethod::call():35}()
#5 /Users/wendyas/boh php/pro_ggg/vendor/laravel/framework/src/Illuminate/Container/BoundMethod.php(96): Illuminate\\Container\\Util::unwrapIfClosure(Object(Closure))
#6 /Users/wendyas/boh php/pro_ggg/vendor/laravel/framework/src/Illuminate/Container/BoundMethod.php(35): Illuminate\\Container\\BoundMethod::callBoundMethod(Object(Illuminate\\Foundation\\Application), Array, Object(Closure))
#7 /Users/wendyas/boh php/pro_ggg/vendor/laravel/framework/src/Illuminate/Container/Container.php(754): Illuminate\\Container\\BoundMethod::call(Object(Illuminate\\Foundation\\Application), Array, Array, NULL)
#8 /Users/wendyas/boh php/pro_ggg/vendor/laravel/framework/src/Illuminate/Console/Command.php(209): Illuminate\\Container\\Container->call(Array)
#9 /Users/wendyas/boh php/pro_ggg/vendor/symfony/console/Command/Command.php(318): Illuminate\\Console\\Command->execute(Object(Symfony\\Component\\Console\\Input\\ArgvInput), Object(Illuminate\\Console\\OutputStyle))
#10 /Users/wendyas/boh php/pro_ggg/vendor/laravel/framework/src/Illuminate/Console/Command.php(178): Symfony\\Component\\Console\\Command\\Command->run(Object(Symfony\\Component\\Console\\Input\\ArgvInput), Object(Illuminate\\Console\\OutputStyle))
#11 /Users/wendyas/boh php/pro_ggg/vendor/symfony/console/Application.php(1092): Illuminate\\Console\\Command->run(Object(Symfony\\Component\\Console\\Input\\ArgvInput), Object(Symfony\\Component\\Console\\Output\\ConsoleOutput))
#12 /Users/wendyas/boh php/pro_ggg/vendor/symfony/console/Application.php(341): Symfony\\Component\\Console\\Application->doRunCommand(Object(Illuminate\\Foundation\\Console\\ServeCommand), Object(Symfony\\Component\\Console\\Input\\ArgvInput), Object(Symfony\\Component\\Console\\Output\\ConsoleOutput))
#13 /Users/wendyas/boh php/pro_ggg/vendor/symfony/console/Application.php(192): Symfony\\Component\\Console\\Application->doRun(Object(Symfony\\Component\\Console\\Input\\ArgvInput), Object(Symfony\\Component\\Console\\Output\\ConsoleOutput))
#14 /Users/wendyas/boh php/pro_ggg/vendor/laravel/framework/src/Illuminate/Foundation/Console/Kernel.php(197): Symfony\\Component\\Console\\Application->run(Object(Symfony\\Component\\Console\\Input\\ArgvInput), Object(Symfony\\Component\\Console\\Output\\ConsoleOutput))
#15 /Users/wendyas/boh php/pro_ggg/vendor/laravel/framework/src/Illuminate/Foundation/Application.php(1234): Illuminate\\Foundation\\Console\\Kernel->handle(Object(Symfony\\Component\\Console\\Input\\ArgvInput), Object(Symfony\\Component\\Console\\Output\\ConsoleOutput))
#16 /Users/wendyas/boh php/pro_ggg/artisan(16): Illuminate\\Foundation\\Application->handleCommand(Object(Symfony\\Component\\Console\\Input\\ArgvInput))
#17 {main}
"} 
